Key: 'a' Type: -1 Alt: false Runes: [97]
Terminal: WarpTerminal
Key: 'ctrl+c' Type: 3 Alt: false Runes: []
Terminal: WarpTerminal
Key: 'q' Type: -1 Alt: false Runes: [113]
Terminal: WarpTerminal
Key: 'c' Type: -1 Alt: false Runes: [99]
Terminal: WarpTerminal
Key: 'a' Type: -1 Alt: false Runes: [97]
Terminal: WarpTerminal
Key: 'a' Type: -1 Alt: false Runes: [97]
Terminal: WarpTerminal
Key: 'b' Type: -1 Alt: false Runes: [98]
Terminal: WarpTerminal
Key: 'c' Type: -1 Alt: false Runes: [99]
Terminal: WarpTerminal
Key: 'd' Type: -1 Alt: false Runes: [100]
Terminal: WarpTerminal
Key: 'e' Type: -1 Alt: false Runes: [101]
Terminal: WarpTerminal
Key: 'f' Type: -1 Alt: false Runes: [102]
Terminal: WarpTerminal
Key: 'g' Type: -1 Alt: false Runes: [103]
Terminal: WarpTerminal
Key: 'h' Type: -1 Alt: false Runes: [104]
Terminal: WarpTerminal
Key: 'i' Type: -1 Alt: false Runes: [105]
Terminal: WarpTerminal
Key: 'j' Type: -1 Alt: false Runes: [106]
Terminal: WarpTerminal
Key: 'k' Type: -1 Alt: false Runes: [107]
Terminal: WarpTerminal
Key: 'l' Type: -1 Alt: false Runes: [108]
Terminal: WarpTerminal
Key: 'm' Type: -1 Alt: false Runes: [109]
Terminal: WarpTerminal
Key: 'n' Type: -1 Alt: false Runes: [110]
Terminal: WarpTerminal
Key: 'o' Type: -1 Alt: false Runes: [111]
Terminal: WarpTerminal
Key: '' Type: -1 Alt: false Runes: []
Terminal: WarpTerminal
Key: 'a' Type: -1 Alt: false Runes: [97]
Terminal: WarpTerminal
Key: 'a' Type: -1 Alt: false Runes: [97]
Terminal: WarpTerminal
Key: 'ctrl+c' Type: 3 Alt: false Runes: []
Terminal: WarpTerminal
Key: 'q' Type: -1 Alt: false Runes: [113]
Terminal: WarpTerminal
Key: 'c' Type: -1 Alt: false Runes: [99]
Terminal: WarpTerminal
Key: 'a' Type: -1 Alt: false Runes: [97]
Terminal: WarpTerminal
Key: 'a' Type: -1 Alt: false Runes: [97]
Terminal: WarpTerminal
Key: 'b' Type: -1 Alt: false Runes: [98]
Terminal: WarpTerminal
Key: 'c' Type: -1 Alt: false Runes: [99]
Terminal: WarpTerminal
Key: 'd' Type: -1 Alt: false Runes: [100]
Terminal: WarpTerminal
Key: 'e' Type: -1 Alt: false Runes: [101]
Terminal: WarpTerminal
Key: 'f' Type: -1 Alt: false Runes: [102]
Terminal: WarpTerminal
Key: 'g' Type: -1 Alt: false Runes: [103]
Terminal: WarpTerminal
Key: 'h' Type: -1 Alt: false Runes: [104]
Terminal: WarpTerminal
Key: 'i' Type: -1 Alt: false Runes: [105]
Terminal: WarpTerminal
Key: 'j' Type: -1 Alt: false Runes: [106]
Terminal: WarpTerminal
Key: 'k' Type: -1 Alt: false Runes: [107]
Terminal: WarpTerminal
Key: 'l' Type: -1 Alt: false Runes: [108]
Terminal: WarpTerminal
Key: 'm' Type: -1 Alt: false Runes: [109]
Terminal: WarpTerminal
Key: 'n' Type: -1 Alt: false Runes: [110]
Terminal: WarpTerminal
Key: 'o' Type: -1 Alt: false Runes: [111]
Terminal: WarpTerminal
Key: '' Type: -1 Alt: false Runes: []
Terminal: WarpTerminal
Key: 'a' Type: -1 Alt: false Runes: [97]
Terminal: WarpTerminal
Key: 'a' Type: -1 Alt: false Runes: [97]
Terminal: WarpTerminal
Key: 'ctrl+c' Type: 3 Alt: false Runes: []
Terminal: WarpTerminal
Key: 'q' Type: -1 Alt: false Runes: [113]
Terminal: WarpTerminal
Key: 'c' Type: -1 Alt: false Runes: [99]
Terminal: WarpTerminal
Key: 'a' Type: -1 Alt: false Runes: [97]
Terminal: WarpTerminal
Key: 'a' Type: -1 Alt: false Runes: [97]
Terminal: WarpTerminal
Key: 'b' Type: -1 Alt: false Runes: [98]
Terminal: WarpTerminal
Key: 'c' Type: -1 Alt: false Runes: [99]
Terminal: WarpTerminal
Key: 'd' Type: -1 Alt: false Runes: [100]
Terminal: WarpTerminal
Key: 'e' Type: -1 Alt: false Runes: [101]
Terminal: WarpTerminal
Key: 'f' Type: -1 Alt: false Runes: [102]
Terminal: WarpTerminal
Key: 'g' Type: -1 Alt: false Runes: [103]
Terminal: WarpTerminal
Key: 'h' Type: -1 Alt: false Runes: [104]
Terminal: WarpTerminal
Key: 'i' Type: -1 Alt: false Runes: [105]
Terminal: WarpTerminal
Key: 'j' Type: -1 Alt: false Runes: [106]
Terminal: WarpTerminal
Key: 'k' Type: -1 Alt: false Runes: [107]
Terminal: WarpTerminal
Key: 'l' Type: -1 Alt: false Runes: [108]
Terminal: WarpTerminal
Key: 'm' Type: -1 Alt: false Runes: [109]
Terminal: WarpTerminal
Key: 'n' Type: -1 Alt: false Runes: [110]
Terminal: WarpTerminal
Key: 'o' Type: -1 Alt: false Runes: [111]
Terminal: WarpTerminal
Key: '' Type: -1 Alt: false Runes: []
Terminal: WarpTerminal
Key: 'a' Type: -1 Alt: false Runes: [97]
Terminal: WarpTerminal
Key: 'a' Type: -1 Alt: false Runes: [97]
Terminal: WarpTerminal
Key: 'ctrl+c' Type: 3 Alt: false Runes: []
Terminal: WarpTerminal
Key: 'q' Type: -1 Alt: false Runes: [113]
Terminal: WarpTerminal
Key: 'c' Type: -1 Alt: false Runes: [99]
Terminal: WarpTerminal
Key: 'a' Type: -1 Alt: false Runes: [97]
Terminal: WarpTerminal
Key: 'a' Type: -1 Alt: false Runes: [97]
Terminal: WarpTerminal
Key: 'b' Type: -1 Alt: false Runes: [98]
Terminal: WarpTerminal
Key: 'c' Type: -1 Alt: false Runes: [99]
Terminal: WarpTerminal
Key: 'd' Type: -1 Alt: false Runes: [100]
Terminal: WarpTerminal
Key: 'e' Type: -1 Alt: false Runes: [101]
Terminal: WarpTerminal
Key: 'f' Type: -1 Alt: false Runes: [102]
Terminal: WarpTerminal
Key: 'g' Type: -1 Alt: false Runes: [103]
Terminal: WarpTerminal
Key: 'h' Type: -1 Alt: false Runes: [104]
Terminal: WarpTerminal
Key: 'i' Type: -1 Alt: false Runes: [105]
Terminal: WarpTerminal
Key: 'j' Type: -1 Alt: false Runes: [106]
Terminal: WarpTerminal
Key: 'k' Type: -1 Alt: false Runes: [107]
Terminal: WarpTerminal
Key: 'l' Type: -1 Alt: false Runes: [108]
Terminal: WarpTerminal
Key: 'm' Type: -1 Alt: false Runes: [109]
Terminal: WarpTerminal
Key: 'n' Type: -1 Alt: false Runes: [110]
Terminal: WarpTerminal
Key: 'o' Type: -1 Alt: false Runes: [111]
Terminal: WarpTerminal
Key: '' Type: -1 Alt: false Runes: []
Terminal: WarpTerminal
Key: 'a' Type: -1 Alt: false Runes: [97]
Terminal: WarpTerminal
Key: 'a' Type: -1 Alt: false Runes: [97]
Terminal: WarpTerminal
Key: 'ctrl+c' Type: 3 Alt: false Runes: []
Terminal: WarpTerminal
Key: 'q' Type: -1 Alt: false Runes: [113]
Terminal: WarpTerminal
Key: 'c' Type: -1 Alt: false Runes: [99]
Terminal: WarpTerminal
Key: 'a' Type: -1 Alt: false Runes: [97]
Terminal: WarpTerminal
Key: 'a' Type: -1 Alt: false Runes: [97]
Terminal: WarpTerminal
Key: 'b' Type: -1 Alt: false Runes: [98]
Terminal: WarpTerminal
Key: 'c' Type: -1 Alt: false Runes: [99]
Terminal: WarpTerminal
Key: 'd' Type: -1 Alt: false Runes: [100]
Terminal: WarpTerminal
Key: 'e' Type: -1 Alt: false Runes: [101]
Terminal: WarpTerminal
Key: 'f' Type: -1 Alt: false Runes: [102]
Terminal: WarpTerminal
Key: 'g' Type: -1 Alt: false Runes: [103]
Terminal: WarpTerminal
Key: 'h' Type: -1 Alt: false Runes: [104]
Terminal: WarpTerminal
Key: 'i' Type: -1 Alt: false Runes: [105]
Terminal: WarpTerminal
Key: 'j' Type: -1 Alt: false Runes: [106]
Terminal: WarpTerminal
Key: 'k' Type: -1 Alt: false Runes: [107]
Terminal: WarpTerminal
Key: 'l' Type: -1 Alt: false Runes: [108]
Terminal: WarpTerminal
Key: 'm' Type: -1 Alt: false Runes: [109]
Terminal: WarpTerminal
Key: 'n' Type: -1 Alt: false Runes: [110]
Terminal: WarpTerminal
Key: 'o' Type: -1 Alt: false Runes: [111]
Terminal: WarpTerminal
Key: '' Type: -1 Alt: false Runes: []
Terminal: WarpTerminal
Key: 'a' Type: -1 Alt: false Runes: [97]
Terminal: WarpTerminal
Key: 'a' Type: -1 Alt: false Runes: [97]
Terminal: WarpTerminal
Key: 'ctrl+c' Type: 3 Alt: false Runes: []
Terminal: WarpTerminal
Key: 'q' Type: -1 Alt: false Runes: [113]
Terminal: WarpTerminal
Key: 'c' Type: -1 Alt: false Runes: [99]
Terminal: WarpTerminal
Key: 'a' Type: -1 Alt: false Runes: [97]
Terminal: WarpTerminal
Key: 'a' Type: -1 Alt: false Runes: [97]
Terminal: WarpTerminal
Key: 'b' Type: -1 Alt: false Runes: [98]
Terminal: WarpTerminal
Key: 'c' Type: -1 Alt: false Runes: [99]
Terminal: WarpTerminal
Key: 'd' Type: -1 Alt: false Runes: [100]
Terminal: WarpTerminal
Key: 'e' Type: -1 Alt: false Runes: [101]
Terminal: WarpTerminal
Key: 'f' Type: -1 Alt: false Runes: [102]
Terminal: WarpTerminal
Key: 'g' Type: -1 Alt: false Runes: [103]
Terminal: WarpTerminal
Key: 'h' Type: -1 Alt: false Runes: [104]
Terminal: WarpTerminal
Key: 'i' Type: -1 Alt: false Runes: [105]
Terminal: WarpTerminal
Key: 'j' Type: -1 Alt: false Runes: [106]
Terminal: WarpTerminal
Key: 'k' Type: -1 Alt: false Runes: [107]
Terminal: WarpTerminal
Key: 'l' Type: -1 Alt: false Runes: [108]
Terminal: WarpTerminal
Key: 'm' Type: -1 Alt: false Runes: [109]
Terminal: WarpTerminal
Key: 'n' Type: -1 Alt: false Runes: [110]
Terminal: WarpTerminal
Key: 'o' Type: -1 Alt: false Runes: [111]
Terminal: WarpTerminal
Key: '' Type: -1 Alt: false Runes: []
Terminal: WarpTerminal
Key: 'a' Type: -1 Alt: false Runes: [97]
Terminal: WarpTerminal
Key: 'a' Type: -1 Alt: false Runes: [97]
Terminal: WarpTerminal
Key: 'ctrl+c' Type: 3 Alt: false Runes: []
Terminal: WarpTerminal
Key: 'q' Type: -1 Alt: false Runes: [113]
Terminal: WarpTerminal
Key: 'c' Type: -1 Alt: false Runes: [99]
Terminal: WarpTerminal
Key: 'a' Type: -1 Alt: false Runes: [97]
Terminal: WarpTerminal
Key: 'a' Type: -1 Alt: false Runes: [97]
Terminal: WarpTerminal
Key: 'b' Type: -1 Alt: false Runes: [98]
Terminal: WarpTerminal
Key: 'c' Type: -1 Alt: false Runes: [99]
Terminal: WarpTerminal
Key: 'd' Type: -1 Alt: false Runes: [100]
Terminal: WarpTerminal
Key: 'e' Type: -1 Alt: false Runes: [101]
Terminal: WarpTerminal
Key: 'f' Type: -1 Alt: false Runes: [102]
Terminal: WarpTerminal
Key: 'g' Type: -1 Alt: false Runes: [103]
Terminal: WarpTerminal
Key: 'h' Type: -1 Alt: false Runes: [104]
Terminal: WarpTerminal
Key: 'i' Type: -1 Alt: false Runes: [105]
Terminal: WarpTerminal
Key: 'j' Type: -1 Alt: false Runes: [106]
Terminal: WarpTerminal
Key: 'k' Type: -1 Alt: false Runes: [107]
Terminal: WarpTerminal
Key: 'l' Type: -1 Alt: false Runes: [108]
Terminal: WarpTerminal
Key: 'm' Type: -1 Alt: false Runes: [109]
Terminal: WarpTerminal
Key: 'n' Type: -1 Alt: false Runes: [110]
Terminal: WarpTerminal
Key: 'o' Type: -1 Alt: false Runes: [111]
Terminal: WarpTerminal
Key: '' Type: -1 Alt: false Runes: []
Terminal: WarpTerminal
Key: 'a' Type: -1 Alt: false Runes: [97]
Terminal: WarpTerminal
Key: 'a' Type: -1 Alt: false Runes: [97]
Terminal: WarpTerminal
Key: 'ctrl+c' Type: 3 Alt: false Runes: []
Terminal: WarpTerminal
Key: 'q' Type: -1 Alt: false Runes: [113]
Terminal: WarpTerminal
Key: 'c' Type: -1 Alt: false Runes: [99]
Terminal: WarpTerminal
Key: 'a' Type: -1 Alt: false Runes: [97]
Terminal: WarpTerminal
Key: 'a' Type: -1 Alt: false Runes: [97]
Terminal: WarpTerminal
Key: 'b' Type: -1 Alt: false Runes: [98]
Terminal: WarpTerminal
Key: 'c' Type: -1 Alt: false Runes: [99]
Terminal: WarpTerminal
Key: 'd' Type: -1 Alt: false Runes: [100]
Terminal: WarpTerminal
Key: 'e' Type: -1 Alt: false Runes: [101]
Terminal: WarpTerminal
Key: 'f' Type: -1 Alt: false Runes: [102]
Terminal: WarpTerminal
Key: 'g' Type: -1 Alt: false Runes: [103]
Terminal: WarpTerminal
Key: 'h' Type: -1 Alt: false Runes: [104]
Terminal: WarpTerminal
Key: 'i' Type: -1 Alt: false Runes: [105]
Terminal: WarpTerminal
Key: 'j' Type: -1 Alt: false Runes: [106]
Terminal: WarpTerminal
Key: 'k' Type: -1 Alt: false Runes: [107]
Terminal: WarpTerminal
Key: 'l' Type: -1 Alt: false Runes: [108]
Terminal: WarpTerminal
Key: 'm' Type: -1 Alt: false Runes: [109]
Terminal: WarpTerminal
Key: 'n' Type: -1 Alt: false Runes: [110]
Terminal: WarpTerminal
Key: 'o' Type: -1 Alt: false Runes: [111]
Terminal: WarpTerminal
Key: '' Type: -1 Alt: false Runes: []
Terminal: WarpTerminal
Key: 'a' Type: -1 Alt: false Runes: [97]
Terminal: WarpTerminal
Key: 'a' Type: -1 Alt: false Runes: [97]
Terminal: WarpTerminal
Key: 'ctrl+c' Type: 3 Alt: false Runes: []
Terminal: WarpTerminal
Key: 'q' Type: -1 Alt: false Runes: [113]
Terminal: WarpTerminal
Key: 'c' Type: -1 Alt: false Runes: [99]
Terminal: WarpTerminal
Key: 'a' Type: -1 Alt: false Runes: [97]
Terminal: WarpTerminal
Key: 'a' Type: -1 Alt: false Runes: [97]
Terminal: WarpTerminal
Key: 'b' Type: -1 Alt: false Runes: [98]
Terminal: WarpTerminal
Key: 'c' Type: -1 Alt: false Runes: [99]
Terminal: WarpTerminal
Key: 'd' Type: -1 Alt: false Runes: [100]
Terminal: WarpTerminal
Key: 'e' Type: -1 Alt: false Runes: [101]
Terminal: WarpTerminal
Key: 'f' Type: -1 Alt: false Runes: [102]
Terminal: WarpTerminal
Key: 'g' Type: -1 Alt: false Runes: [103]
Terminal: WarpTerminal
Key: 'h' Type: -1 Alt: false Runes: [104]
Terminal: WarpTerminal
Key: 'i' Type: -1 Alt: false Runes: [105]
Terminal: WarpTerminal
Key: 'j' Type: -1 Alt: false Runes: [106]
Terminal: WarpTerminal
Key: 'k' Type: -1 Alt: false Runes: [107]
Terminal: WarpTerminal
Key: 'l' Type: -1 Alt: false Runes: [108]
Terminal: WarpTerminal
Key: 'm' Type: -1 Alt: false Runes: [109]
Terminal: WarpTerminal
Key: 'n' Type: -1 Alt: false Runes: [110]
Terminal: WarpTerminal
Key: 'o' Type: -1 Alt: false Runes: [111]
Terminal: WarpTerminal
Key: '' Type: -1 Alt: false Runes: []
Terminal: WarpTerminal
Key: 'a' Type: -1 Alt: false Runes: [97]
Terminal: WarpTerminal
Key: 'a' Type: -1 Alt: false Runes: [97]
Terminal: WarpTerminal
Key: 'ctrl+c' Type: 3 Alt: false Runes: []
Terminal: WarpTerminal
Key: 'q' Type: -1 Alt: false Runes: [113]
Terminal: WarpTerminal
Key: 'c' Type: -1 Alt: false Runes: [99]
Terminal: WarpTerminal
Key: 'a' Type: -1 Alt: false Runes: [97]
Terminal: WarpTerminal
Key: 'a' Type: -1 Alt: false Runes: [97]
Terminal: WarpTerminal
Key: 'b' Type: -1 Alt: false Runes: [98]
Terminal: WarpTerminal
Key: 'c' Type: -1 Alt: false Runes: [99]
Terminal: WarpTerminal
Key: 'd' Type: -1 Alt: false Runes: [100]
Terminal: WarpTerminal
Key: 'e' Type: -1 Alt: false Runes: [101]
Terminal: WarpTerminal
Key: 'f' Type: -1 Alt: false Runes: [102]
Terminal: WarpTerminal
Key: 'g' Type: -1 Alt: false Runes: [103]
Terminal: WarpTerminal
Key: 'h' Type: -1 Alt: false Runes: [104]
Terminal: WarpTerminal
Key: 'i' Type: -1 Alt: false Runes: [105]
Terminal: WarpTerminal
Key: 'j' Type: -1 Alt: false Runes: [106]
Terminal: WarpTerminal
Key: 'k' Type: -1 Alt: false Runes: [107]
Terminal: WarpTerminal
Key: 'l' Type: -1 Alt: false Runes: [108]
Terminal: WarpTerminal
Key: 'm' Type: -1 Alt: false Runes: [109]
Terminal: WarpTerminal
Key: 'n' Type: -1 Alt: false Runes: [110]
Terminal: WarpTerminal
Key: 'o' Type: -1 Alt: false Runes: [111]
Terminal: WarpTerminal
Key: '' Type: -1 Alt: false Runes: []
Terminal: WarpTerminal
Key: 'a' Type: -1 Alt: false Runes: [97]
Terminal: WarpTerminal
Key: 'a' Type: -1 Alt: false Runes: [97]
Terminal: WarpTerminal
Key: 'ctrl+c' Type: 3 Alt: false Runes: []
Terminal: WarpTerminal
Key: 'q' Type: -1 Alt: false Runes: [113]
Terminal: WarpTerminal
Key: 'c' Type: -1 Alt: false Runes: [99]
Terminal: WarpTerminal
Key: 'a' Type: -1 Alt: false Runes: [97]
Terminal: WarpTerminal
Key: 'a' Type: -1 Alt: false Runes: [97]
Terminal: WarpTerminal
Key: 'b' Type: -1 Alt: false Runes: [98]
Terminal: WarpTerminal
Key: 'c' Type: -1 Alt: false Runes: [99]
Terminal: WarpTerminal
Key: 'd' Type: -1 Alt: false Runes: [100]
Terminal: WarpTerminal
Key: 'e' Type: -1 Alt: false Runes: [101]
Terminal: WarpTerminal
Key: 'f' Type: -1 Alt: false Runes: [102]
Terminal: WarpTerminal
Key: 'g' Type: -1 Alt: false Runes: [103]
Terminal: WarpTerminal
Key: 'h' Type: -1 Alt: false Runes: [104]
Terminal: WarpTerminal
Key: 'i' Type: -1 Alt: false Runes: [105]
Terminal: WarpTerminal
Key: 'j' Type: -1 Alt: false Runes: [106]
Terminal: WarpTerminal
Key: 'k' Type: -1 Alt: false Runes: [107]
Terminal: WarpTerminal
Key: 'l' Type: -1 Alt: false Runes: [108]
Terminal: WarpTerminal
Key: 'm' Type: -1 Alt: false Runes: [109]
Terminal: WarpTerminal
Key: 'n' Type: -1 Alt: false Runes: [110]
Terminal: WarpTerminal
Key: 'o' Type: -1 Alt: false Runes: [111]
Terminal: WarpTerminal
Key: '' Type: -1 Alt: false Runes: []
Terminal: WarpTerminal
Key: 'a' Type: -1 Alt: false Runes: [97]
Terminal: WarpTerminal
Key: 'a' Type: -1 Alt: false Runes: [97]
Terminal: WarpTerminal
Key: 'ctrl+c' Type: 3 Alt: false Runes: []
Terminal: WarpTerminal
Key: 'q' Type: -1 Alt: false Runes: [113]
Terminal: WarpTerminal
Key: 'c' Type: -1 Alt: false Runes: [99]
Terminal: WarpTerminal
Key: 'a' Type: -1 Alt: false Runes: [97]
Terminal: WarpTerminal
Key: 'a' Type: -1 Alt: false Runes: [97]
Terminal: WarpTerminal
Key: 'b' Type: -1 Alt: false Runes: [98]
Terminal: WarpTerminal
Key: 'c' Type: -1 Alt: false Runes: [99]
Terminal: WarpTerminal
Key: 'd' Type: -1 Alt: false Runes: [100]
Terminal: WarpTerminal
Key: 'e' Type: -1 Alt: false Runes: [101]
Terminal: WarpTerminal
Key: 'f' Type: -1 Alt: false Runes: [102]
Terminal: WarpTerminal
Key: 'g' Type: -1 Alt: false Runes: [103]
Terminal: WarpTerminal
Key: 'h' Type: -1 Alt: false Runes: [104]
Terminal: WarpTerminal
Key: 'i' Type: -1 Alt: false Runes: [105]
Terminal: WarpTerminal
Key: 'j' Type: -1 Alt: false Runes: [106]
Terminal: WarpTerminal
Key: 'k' Type: -1 Alt: false Runes: [107]
Terminal: WarpTerminal
Key: 'l' Type: -1 Alt: false Runes: [108]
Terminal: WarpTerminal
Key: 'm' Type: -1 Alt: false Runes: [109]
Terminal: WarpTerminal
Key: 'n' Type: -1 Alt: false Runes: [110]
Terminal: WarpTerminal
Key: 'o' Type: -1 Alt: false Runes: [111]
Terminal: WarpTerminal
Key: '' Type: -1 Alt: false Runes: []
Terminal: WarpTerminal
Key: 'a' Type: -1 Alt: false Runes: [97]
Terminal: WarpTerminal
Key: 'a' Type: -1 Alt: false Runes: [97]
Terminal: WarpTerminal
Key: 'ctrl+c' Type: 3 Alt: false Runes: []
Terminal: WarpTerminal
Key: 'q' Type: -1 Alt: false Runes: [113]
Terminal: WarpTerminal
Key: 'c' Type: -1 Alt: false Runes: [99]
Terminal: WarpTerminal
Key: 'a' Type: -1 Alt: false Runes: [97]
Terminal: WarpTerminal
Key: 'a' Type: -1 Alt: false Runes: [97]
Terminal: WarpTerminal
Key: 'b' Type: -1 Alt: false Runes: [98]
Terminal: WarpTerminal
Key: 'c' Type: -1 Alt: false Runes: [99]
Terminal: WarpTerminal
Key: 'd' Type: -1 Alt: false Runes: [100]
Terminal: WarpTerminal
Key: 'e' Type: -1 Alt: false Runes: [101]
Terminal: WarpTerminal
Key: 'f' Type: -1 Alt: false Runes: [102]
Terminal: WarpTerminal
Key: 'g' Type: -1 Alt: false Runes: [103]
Terminal: WarpTerminal
Key: 'h' Type: -1 Alt: false Runes: [104]
Terminal: WarpTerminal
Key: 'i' Type: -1 Alt: false Runes: [105]
Terminal: WarpTerminal
Key: 'j' Type: -1 Alt: false Runes: [106]
Terminal: WarpTerminal
Key: 'k' Type: -1 Alt: false Runes: [107]
Terminal: WarpTerminal
Key: 'l' Type: -1 Alt: false Runes: [108]
Terminal: WarpTerminal
Key: 'm' Type: -1 Alt: false Runes: [109]
Terminal: WarpTerminal
Key: 'n' Type: -1 Alt: false Runes: [110]
Terminal: WarpTerminal
Key: 'o' Type: -1 Alt: false Runes: [111]
Terminal: WarpTerminal
Key: '' Type: -1 Alt: false Runes: []
Terminal: WarpTerminal
Key: 'a' Type: -1 Alt: false Runes: [97]
Terminal: WarpTerminal
Key: 'a' Type: -1 Alt: false Runes: [97]
Terminal: WarpTerminal
Key: 'ctrl+c' Type: 3 Alt: false Runes: []
Terminal: WarpTerminal
Key: 'q' Type: -1 Alt: false Runes: [113]
Terminal: WarpTerminal
Key: 'c' Type: -1 Alt: false Runes: [99]
Terminal: WarpTerminal
Key: 'a' Type: -1 Alt: false Runes: [97]
Terminal: WarpTerminal
Key: 'a' Type: -1 Alt: false Runes: [97]
Terminal: WarpTerminal
Key: 'b' Type: -1 Alt: false Runes: [98]
Terminal: WarpTerminal
Key: 'c' Type: -1 Alt: false Runes: [99]
Terminal: WarpTerminal
Key: 'd' Type: -1 Alt: false Runes: [100]
Terminal: WarpTerminal
Key: 'e' Type: -1 Alt: false Runes: [101]
Terminal: WarpTerminal
Key: 'f' Type: -1 Alt: false Runes: [102]
Terminal: WarpTerminal
Key: 'g' Type: -1 Alt: false Runes: [103]
Terminal: WarpTerminal
Key: 'h' Type: -1 Alt: false Runes: [104]
Terminal: WarpTerminal
Key: 'i' Type: -1 Alt: false Runes: [105]
Terminal: WarpTerminal
Key: 'j' Type: -1 Alt: false Runes: [106]
Terminal: WarpTerminal
Key: 'k' Type: -1 Alt: false Runes: [107]
Terminal: WarpTerminal
Key: 'l' Type: -1 Alt: false Runes: [108]
Terminal: WarpTerminal
Key: 'm' Type: -1 Alt: false Runes: [109]
Terminal: WarpTerminal
Key: 'n' Type: -1 Alt: false Runes: [110]
Terminal: WarpTerminal
Key: 'o' Type: -1 Alt: false Runes: [111]
Terminal: WarpTerminal
Key: '' Type: -1 Alt: false Runes: []
Terminal: WarpTerminal
Key: 'a' Type: -1 Alt: false Runes: [97]
Terminal: WarpTerminal
Key: 'a' Type: -1 Alt: false Runes: [97]
Terminal: WarpTerminal
Key: 'ctrl+c' Type: 3 Alt: false Runes: []
Terminal: WarpTerminal
Key: 'q' Type: -1 Alt: false Runes: [113]
Terminal: WarpTerminal
Key: 'c' Type: -1 Alt: false Runes: [99]
Terminal: WarpTerminal
Key: 'a' Type: -1 Alt: false Runes: [97]
Terminal: WarpTerminal
Key: 'a' Type: -1 Alt: false Runes: [97]
Terminal: WarpTerminal
Key: 'b' Type: -1 Alt: false Runes: [98]
Terminal: WarpTerminal
Key: 'c' Type: -1 Alt: false Runes: [99]
Terminal: WarpTerminal
Key: 'd' Type: -1 Alt: false Runes: [100]
Terminal: WarpTerminal
Key: 'e' Type: -1 Alt: false Runes: [101]
Terminal: WarpTerminal
Key: 'f' Type: -1 Alt: false Runes: [102]
Terminal: WarpTerminal
Key: 'g' Type: -1 Alt: false Runes: [103]
Terminal: WarpTerminal
Key: 'h' Type: -1 Alt: false Runes: [104]
Terminal: WarpTerminal
Key: 'i' Type: -1 Alt: false Runes: [105]
Terminal: WarpTerminal
Key: 'j' Type: -1 Alt: false Runes: [106]
Terminal: WarpTerminal
Key: 'k' Type: -1 Alt: false Runes: [107]
Terminal: WarpTerminal
Key: 'l' Type: -1 Alt: false Runes: [108]
Terminal: WarpTerminal
Key: 'm' Type: -1 Alt: false Runes: [109]
Terminal: WarpTerminal
Key: 'n' Type: -1 Alt: false Runes: [110]
Terminal: WarpTerminal
Key: 'o' Type: -1 Alt: false Runes: [111]
Terminal: WarpTerminal
Key: '' Type: -1 Alt: false Runes: []
Terminal: WarpTerminal
Key: 'a' Type: -1 Alt: false Runes: [97]
Terminal: WarpTerminal
Key: 'a' Type: -1 Alt: false Runes: [97]
Terminal: WarpTerminal
Key: 'ctrl+c' Type: 3 Alt: false Runes: []
Terminal: WarpTerminal
Key: 'q' Type: -1 Alt: false Runes: [113]
Terminal: WarpTerminal
Key: 'c' Type: -1 Alt: false Runes: [99]
Terminal: WarpTerminal
Key: 'a' Type: -1 Alt: false Runes: [97]
Terminal: WarpTerminal
Key: 'a' Type: -1 Alt: false Runes: [97]
Terminal: WarpTerminal
Key: 'b' Type: -1 Alt: false Runes: [98]
Terminal: WarpTerminal
Key: 'c' Type: -1 Alt: false Runes: [99]
Terminal: WarpTerminal
Key: 'd' Type: -1 Alt: false Runes: [100]
Terminal: WarpTerminal
Key: 'e' Type: -1 Alt: false Runes: [101]
Terminal: WarpTerminal
Key: 'f' Type: -1 Alt: false Runes: [102]
Terminal: WarpTerminal
Key: 'g' Type: -1 Alt: false Runes: [103]
Terminal: WarpTerminal
Key: 'h' Type: -1 Alt: false Runes: [104]
Terminal: WarpTerminal
Key: 'i' Type: -1 Alt: false Runes: [105]
Terminal: WarpTerminal
Key: 'j' Type: -1 Alt: false Runes: [106]
Terminal: WarpTerminal
Key: 'k' Type: -1 Alt: false Runes: [107]
Terminal: WarpTerminal
Key: 'l' Type: -1 Alt: false Runes: [108]
Terminal: WarpTerminal
Key: 'm' Type: -1 Alt: false Runes: [109]
Terminal: WarpTerminal
Key: 'n' Type: -1 Alt: false Runes: [110]
Terminal: WarpTerminal
Key: 'o' Type: -1 Alt: false Runes: [111]
Terminal: WarpTerminal
Key: '' Type: -1 Alt: false Runes: []
Terminal: WarpTerminal
Key: 'a' Type: -1 Alt: false Runes: [97]
Terminal: WarpTerminal
Key: 'a' Type: -1 Alt: false Runes: [97]
Terminal: WarpTerminal
Key: 'ctrl+c' Type: 3 Alt: false Runes: []
Terminal: WarpTerminal
Key: 'q' Type: -1 Alt: false Runes: [113]
Terminal: WarpTerminal
Key: 'c' Type: -1 Alt: false Runes: [99]
Terminal: WarpTerminal
Key: 'a' Type: -1 Alt: false Runes: [97]
Terminal: WarpTerminal
Key: 'a' Type: -1 Alt: false Runes: [97]
Terminal: WarpTerminal
Key: 'b' Type: -1 Alt: false Runes: [98]
Terminal: WarpTerminal
Key: 'c' Type: -1 Alt: false Runes: [99]
Terminal: WarpTerminal
Key: 'd' Type: -1 Alt: false Runes: [100]
Terminal: WarpTerminal
Key: 'e' Type: -1 Alt: false Runes: [101]
Terminal: WarpTerminal
Key: 'f' Type: -1 Alt: false Runes: [102]
Terminal: WarpTerminal
Key: 'g' Type: -1 Alt: false Runes: [103]
Terminal: WarpTerminal
Key: 'h' Type: -1 Alt: false Runes: [104]
Terminal: WarpTerminal
Key: 'i' Type: -1 Alt: false Runes: [105]
Terminal: WarpTerminal
Key: 'j' Type: -1 Alt: false Runes: [106]
Terminal: WarpTerminal
Key: 'k' Type: -1 Alt: false Runes: [107]
Terminal: WarpTerminal
Key: 'l' Type: -1 Alt: false Runes: [108]
Terminal: WarpTerminal
Key: 'm' Type: -1 Alt: false Runes: [109]
Terminal: WarpTerminal
Key: 'n' Type: -1 Alt: false Runes: [110]
Terminal: WarpTerminal
Key: 'o' Type: -1 Alt: false Runes: [111]
Terminal: WarpTerminal
Key: '' Type: -1 Alt: false Runes: []
Terminal: WarpTerminal
Key: 'a' Type: -1 Alt: false Runes: [97]
Terminal: WarpTerminal
